<?xml version="1.0" encoding="UTF-8"?>
<!-- Generated by org.testng.reporters.JUnitReportReporter -->
<testsuite hostname="MacBook-Pro-Artsiom.local" failures="0" tests="1" name="com.solvd.carina.demo.HelloWorld" time="0.011" errors="0" timestamp="2023-05-16T15:41:37 EEST" skipped="0">
  <testcase classname="com.solvd.carina.demo.HelloWorld" name="helloWorld" time="0.011"/>
  <system-out/>
</testsuite> <!-- com.solvd.carina.demo.HelloWorld -->
